Using pre-set license
Built from '2022.3/staging' branch; Version is '2022.3.4f1 (35713cd46cd7) revision 3502396'; Using compiler version '192829333'; Build Type 'Release'
OS: 'Windows 11  (10.0.22621) 64bit Education' Language: 'en' Physical Memory: 16309 MB
BatchMode: 1, IsHumanControllingUs: 0, StartBugReporterOnCrash: 0, Is64bit: 1, IsPro: 1

COMMAND LINE ARGUMENTS:
C:\Program Files\Unity\Hub\Editor\2022.3.4f1\Editor\Unity.exe
-adb2
-batchMode
-noUpm
-name
AssetImportWorker4
-projectPath
C:/Users/Student/AI Finals
-logFile
Logs/AssetImportWorker4.log
-srvPort
52744
Successfully changed project path to: C:/Users/Student/AI Finals
C:/Users/Student/AI Finals
[UnityMemory] Configuration Parameters - Can be set up in boot.config
    "memorysetup-bucket-allocator-granularity=16"
    "memorysetup-bucket-allocator-bucket-count=8"
    "memorysetup-bucket-allocator-block-size=33554432"
    "memorysetup-bucket-allocator-block-count=8"
    "memorysetup-main-allocator-block-size=16777216"
    "memorysetup-thread-allocator-block-size=16777216"
    "memorysetup-gfx-main-allocator-block-size=16777216"
    "memorysetup-gfx-thread-allocator-block-size=16777216"
    "memorysetup-cache-allocator-block-size=4194304"
    "memorysetup-typetree-allocator-block-size=2097152"
    "memorysetup-profiler-bucket-allocator-granularity=16"
    "memorysetup-profiler-bucket-allocator-bucket-count=8"
    "memorysetup-profiler-bucket-allocator-block-size=33554432"
    "memorysetup-profiler-bucket-allocator-block-count=8"
    "memorysetup-profiler-allocator-block-size=16777216"
    "memorysetup-profiler-editor-allocator-block-size=1048576"
    "memorysetup-temp-allocator-size-main=16777216"
    "memorysetup-job-temp-allocator-block-size=2097152"
    "memorysetup-job-temp-allocator-block-size-background=1048576"
    "memorysetup-job-temp-allocator-reduction-small-platforms=262144"
    "memorysetup-allocator-temp-initial-block-size-main=262144"
    "memorysetup-allocator-temp-initial-block-size-worker=262144"
    "memorysetup-temp-allocator-size-background-worker=32768"
    "memorysetup-temp-allocator-size-job-worker=262144"
    "memorysetup-temp-allocator-size-preload-manager=33554432"
    "memorysetup-temp-allocator-size-nav-mesh-worker=65536"
    "memorysetup-temp-allocator-size-audio-worker=65536"
    "memorysetup-temp-allocator-size-cloud-worker=32768"
    "memorysetup-temp-allocator-size-gi-baking-worker=262144"
    "memorysetup-temp-allocator-size-gfx=262144"
Player connection [3188] Host "[IP] 10.0.2.37 [Port] 0 [Flags] 2 [Guid] 2091733850 [EditorId] 2091733850 [Version] 1048832 [Id] WindowsEditor(7,CIIT602PC07) [Debug] 1 [PackageName] WindowsEditor [ProjectName] Editor" joined multi-casting on [225.0.0.222:54997]...

Player connection [3188] Host "[IP] 10.0.2.37 [Port] 0 [Flags] 2 [Guid] 2091733850 [EditorId] 2091733850 [Version] 1048832 [Id] WindowsEditor(7,CIIT602PC07) [Debug] 1 [PackageName] WindowsEditor [ProjectName] Editor" joined alternative multi-casting on [225.0.0.222:34997]...

Refreshing native plugins compatible for Editor in 5.77 ms, found 3 plugins.
Preloading 0 native plugins for Editor in 0.00 ms.
Initialize engine version: 2022.3.4f1 (35713cd46cd7)
[Subsystems] Discovering subsystems at path C:/Program Files/Unity/Hub/Editor/2022.3.4f1/Editor/Data/Resources/UnitySubsystems
[Subsystems] Discovering subsystems at path C:/Users/Student/AI Finals/Assets
GfxDevice: creating device client; threaded=0; jobified=0
Direct3D:
    Version:  Direct3D 11.0 [level 11.1]
    Renderer: NVIDIA GeForce RTX 3050 (ID=0x2507)
    Vendor:   NVIDIA
    VRAM:     8056 MB
    Driver:   31.0.15.3179
Initialize mono
Mono path[0] = 'C:/Program Files/Unity/Hub/Editor/2022.3.4f1/Editor/Data/Managed'
Mono path[1] = 'C:/Program Files/Unity/Hub/Editor/2022.3.4f1/Editor/Data/MonoBleedingEdge/lib/mono/unityjit-win32'
Mono config path = 'C:/Program Files/Unity/Hub/Editor/2022.3.4f1/Editor/Data/MonoBleedingEdge/etc'
Using monoOptions --debugger-agent=transport=dt_socket,embedding=1,server=y,suspend=n,address=127.0.0.1:56468
Begin MonoManager ReloadAssembly
Registering precompiled unity dll's ...
Register platform support module: C:/Program Files/Unity/Hub/Editor/2022.3.4f1/Editor/Data/PlaybackEngines/WebGLSupport/UnityEditor.WebGL.Extensions.dll
Register platform support module: C:/Program Files/Unity/Hub/Editor/2022.3.4f1/Editor/Data/PlaybackEngines/WindowsStandaloneSupport/UnityEditor.WindowsStandalone.Extensions.dll
Registered in 0.005412 seconds.
- Loaded All Assemblies, in  0.228 seconds
Native extension for WindowsStandalone target not found
Native extension for WebGL target not found
Mono: successfully reloaded assembly
- Finished resetting the current domain, in  0.181 seconds
Domain Reload Profiling: 408ms
	BeginReloadAssembly (59ms)
		ExecutionOrderSort (0ms)
		DisableScriptedObjects (0ms)
		BackupInstance (0ms)
		ReleaseScriptingObjects (0ms)
		CreateAndSetChildDomain (0ms)
	RebuildCommonClasses (23ms)
	RebuildNativeTypeToScriptingClass (7ms)
	initialDomainReloadingComplete (42ms)
	LoadAllAssembliesAndSetupDomain (96ms)
		LoadAssemblies (57ms)
		RebuildTransferFunctionScriptingTraits (0ms)
		AnalyzeDomain (92ms)
			TypeCache.Refresh (91ms)
				TypeCache.ScanAssembly (83ms)
			ScanForSourceGeneratedMonoScriptInfo (0ms)
			ResolveRequiredComponents (0ms)
	FinalizeReload (181ms)
		ReleaseScriptCaches (0ms)
		RebuildScriptCaches (0ms)
		SetupLoadedEditorAssemblies (141ms)
			LogAssemblyErrors (0ms)
			InitializePlatformSupportModulesInManaged (7ms)
			SetLoadedEditorAssemblies (4ms)
			RefreshPlugins (0ms)
			BeforeProcessingInitializeOnLoad (2ms)
			ProcessInitializeOnLoadAttributes (95ms)
			ProcessInitializeOnLoadMethodAttributes (33ms)
			AfterProcessingInitializeOnLoad (0ms)
			EditorAssembliesLoaded (0ms)
		ExecutionOrderSort2 (0ms)
		AwakeInstancesAfterBackupRestoration (0ms)
========================================================================
Worker process is ready to serve import requests
Begin MonoManager ReloadAssembly
Symbol file LoadedFromMemory doesn't match image C:\Users\Student\AI Finals\Library\PackageCache\com.unity.visualscripting@1.8.0\Editor\VisualScripting.Core\Dependencies\YamlDotNet\Unity.VisualScripting.YamlDotNet.dll
Symbol file LoadedFromMemory doesn't match image C:\Users\Student\AI Finals\Library\PackageCache\com.unity.visualscripting@1.8.0\Editor\VisualScripting.Core\Dependencies\DotNetZip\Unity.VisualScripting.IonicZip.dll
- Loaded All Assemblies, in  0.466 seconds
Refreshing native plugins compatible for Editor in 2.08 ms, found 3 plugins.
Native extension for WindowsStandalone target not found
Native extension for WebGL target not found
Mono: successfully reloaded assembly
- Finished resetting the current domain, in  0.330 seconds
Domain Reload Profiling: 794ms
	BeginReloadAssembly (88ms)
		ExecutionOrderSort (0ms)
		DisableScriptedObjects (4ms)
		BackupInstance (0ms)
		ReleaseScriptingObjects (0ms)
		CreateAndSetChildDomain (17ms)
	RebuildCommonClasses (22ms)
	RebuildNativeTypeToScriptingClass (7ms)
	initialDomainReloadingComplete (29ms)
	LoadAllAssembliesAndSetupDomain (317ms)
		LoadAssemblies (160ms)
		RebuildTransferFunctionScriptingTraits (0ms)
		AnalyzeDomain (196ms)
			TypeCache.Refresh (185ms)
				TypeCache.ScanAssembly (176ms)
			ScanForSourceGeneratedMonoScriptInfo (9ms)
			ResolveRequiredComponents (2ms)
	FinalizeReload (330ms)
		ReleaseScriptCaches (0ms)
		RebuildScriptCaches (0ms)
		SetupLoadedEditorAssemblies (233ms)
			LogAssemblyErrors (0ms)
			InitializePlatformSupportModulesInManaged (5ms)
			SetLoadedEditorAssemblies (3ms)
			RefreshPlugins (0ms)
			BeforeProcessingInitializeOnLoad (40ms)
			ProcessInitializeOnLoadAttributes (167ms)
			ProcessInitializeOnLoadMethodAttributes (13ms)
			AfterProcessingInitializeOnLoad (4ms)
			EditorAssembliesLoaded (0ms)
		ExecutionOrderSort2 (0ms)
		AwakeInstancesAfterBackupRestoration (5ms)
Launched and connected shader compiler UnityShaderCompiler.exe after 0.03 seconds
Refreshing native plugins compatible for Editor in 3.12 ms, found 3 plugins.
Preloading 0 native plugins for Editor in 0.00 ms.
Unloading 3065 Unused Serialized files (Serialized files now loaded: 0)
Unloading 31 unused Assets / (56.3 KB). Loaded Objects now: 3530.
Memory consumption went from 115.8 MB to 115.7 MB.
Total: 2.392000 ms (FindLiveObjects: 0.195700 ms CreateObjectMapping: 0.082000 ms MarkObjects: 2.028300 ms  DeleteObjects: 0.085400 ms)

AssetImportParameters requested are different than current active one (requested -> active):
  custom:container-demuxer-ogg: 62fdf1f143b41e24485cea50d1cbac27 -> 
  custom:video-codec-MediaFoundation-h265: 746d11721c4dcdbdad8f713fa42b33f4 -> 
  custom:video-decoder-ogg-theora: a1e56fd34408186e4bbccfd4996cb3dc -> 
  custom:framework-win-MediaFoundation: 216162199b28c13a410421893ffa2e32 -> 
  custom:CustomObjectIndexerAttribute: 756ad292c208cfabdd7b50bc23989ffe -> 
  custom:container-demuxer-webm: 4f35f7cbe854078d1ac9338744f61a02 -> 
  custom:container-muxer-webm: aa71ff27fc2769a1b78a27578f13a17b -> 
  custom:video-decoder-webm-vp8: 9c59270c3fd7afecdb556c50c9e8de78 -> 
  custom:AudioImporter_EditorPlatform: d09bf68614088b80899f8185d706f6e7 -> 
  custom:video-encoder-webm-vp8: eb34c28f22e8b96e1ab97ce403110664 -> 
  custom:audio-decoder-ogg-vorbis: bf7c407c2cedff20999df2af8eb42d56 -> 
  custom:audio-encoder-webm-vorbis: bf7c407c2cedff20999df2af8eb42d56 -> 
========================================================================
Received Import Request.
  Time since last request: 15077.058689 seconds.
  path: Assets/Assets/Model and Animations/Mutant Swiping (2).fbm/New Material.mat
  artifactKey: Guid(35968ddc693184941b73bedf02f51b15) Importer(815301076,1909f56bfc062723c751e8b465ee728b)
Start importing Assets/Assets/Model and Animations/Mutant Swiping (2).fbm/New Material.mat using Guid(35968ddc693184941b73bedf02f51b15) Importer(815301076,1909f56bfc062723c751e8b465ee728b)  -> (artifact id: '837e82cc1caf2e68fe87b8544ee9ae5d') in 0.193137 seconds
Number of updated asset objects reloaded before import = 0
Number of asset objects unloaded after import = 1
========================================================================
Received Import Request.
  Time since last request: 43.121199 seconds.
  path: Assets/Assets/Model and Animations/Mutant Swiping.fbm
  artifactKey: Guid(4ee2f32b3ebeb9f449def66d9ece06ec) Importer(815301076,1909f56bfc062723c751e8b465ee728b)
Start importing Assets/Assets/Model and Animations/Mutant Swiping.fbm using Guid(4ee2f32b3ebeb9f449def66d9ece06ec) Importer(815301076,1909f56bfc062723c751e8b465ee728b)  -> (artifact id: 'da6c6e77b611ad207aac9c54f881abd0') in 0.000422 seconds
Number of updated asset objects reloaded before import = 0
Number of asset objects unloaded after import = 0
========================================================================
Received Import Request.
  Time since last request: 0.120319 seconds.
  path: Assets/Assets/Model and Animations/Mutant Swiping.fbm/Mutant_diffuse.png
  artifactKey: Guid(77962a8eceb4d364a949b25175ff33d0) Importer(815301076,1909f56bfc062723c751e8b465ee728b)
Start importing Assets/Assets/Model and Animations/Mutant Swiping.fbm/Mutant_diffuse.png using Guid(77962a8eceb4d364a949b25175ff33d0) Importer(815301076,1909f56bfc062723c751e8b465ee728b)  -> (artifact id: '072df6790e1c13ae06b3a36036f0f2d1') in 0.017770 seconds
Number of updated asset objects reloaded before import = 0
Number of asset objects unloaded after import = 2
========================================================================
Received Import Request.
  Time since last request: 5.729001 seconds.
  path: Assets/Assets/Model and Animations/Mutant Swiping.fbm/New Material.mat
  artifactKey: Guid(7bedf10da05da0f4d99e0e87297bf69b) Importer(815301076,1909f56bfc062723c751e8b465ee728b)
Start importing Assets/Assets/Model and Animations/Mutant Swiping.fbm/New Material.mat using Guid(7bedf10da05da0f4d99e0e87297bf69b) Importer(815301076,1909f56bfc062723c751e8b465ee728b)  -> (artifact id: '7500b4dc61459901a1a33befbe5e5754') in 0.032522 seconds
Number of updated asset objects reloaded before import = 0
Number of asset objects unloaded after import = 1
========================================================================
Received Import Request.
  Time since last request: 34.938566 seconds.
  path: Assets/Assets/Model and Animations/Mutant Run (1).fbm
  artifactKey: Guid(ec4e51bc46421d941a569556570c74cf) Importer(815301076,1909f56bfc062723c751e8b465ee728b)
Start importing Assets/Assets/Model and Animations/Mutant Run (1).fbm using Guid(ec4e51bc46421d941a569556570c74cf) Importer(815301076,1909f56bfc062723c751e8b465ee728b)  -> (artifact id: 'e94db17d3ffa0fb8317ce5927879c004') in 0.000381 seconds
Number of updated asset objects reloaded before import = 0
Number of asset objects unloaded after import = 0
========================================================================
Received Import Request.
  Time since last request: 0.952088 seconds.
  path: Assets/Assets/Model and Animations/Mutant Run (1).fbm/pumpkinHulk_diffuse.png
  artifactKey: Guid(ab449b7fe559fd344ac6074a48667923) Importer(815301076,1909f56bfc062723c751e8b465ee728b)
Start importing Assets/Assets/Model and Animations/Mutant Run (1).fbm/pumpkinHulk_diffuse.png using Guid(ab449b7fe559fd344ac6074a48667923) Importer(815301076,1909f56bfc062723c751e8b465ee728b)  -> (artifact id: 'c835c97bdecc9191e4da0ec4cd256b26') in 0.011616 seconds
Number of updated asset objects reloaded before import = 0
Number of asset objects unloaded after import = 2
========================================================================
Received Import Request.
  Time since last request: 4.929151 seconds.
  path: Assets/Assets/Model and Animations/Mutant Run (1).fbm/New Material.mat
  artifactKey: Guid(de11fd719a5dd1149b2042851ca548d4) Importer(815301076,1909f56bfc062723c751e8b465ee728b)
Start importing Assets/Assets/Model and Animations/Mutant Run (1).fbm/New Material.mat using Guid(de11fd719a5dd1149b2042851ca548d4) Importer(815301076,1909f56bfc062723c751e8b465ee728b)  -> (artifact id: '29b21a1493127f98095fc0a6fabd6980') in 0.087308 seconds
Number of updated asset objects reloaded before import = 0
Number of asset objects unloaded after import = 1
========================================================================
Received Import Request.
  Time since last request: 36.025742 seconds.
  path: Assets/Assets/Model and Animations/Zombie Running (1).fbm
  artifactKey: Guid(7e668593e9e1d91469afa8e0daf4ae94) Importer(815301076,1909f56bfc062723c751e8b465ee728b)
Start importing Assets/Assets/Model and Animations/Zombie Running (1).fbm using Guid(7e668593e9e1d91469afa8e0daf4ae94) Importer(815301076,1909f56bfc062723c751e8b465ee728b)  -> (artifact id: '5188bf6cf1667b033f778c81a89d0427') in 0.000415 seconds
Number of updated asset objects reloaded before import = 0
Number of asset objects unloaded after import = 0
========================================================================
Received Import Request.
  Time since last request: 0.105202 seconds.
  path: Assets/Assets/Model and Animations/Zombie Running (1).fbm/bear_diffuse.png
  artifactKey: Guid(7deccfd39c7248842af0731f3ec6b04e) Importer(815301076,1909f56bfc062723c751e8b465ee728b)
Start importing Assets/Assets/Model and Animations/Zombie Running (1).fbm/bear_diffuse.png using Guid(7deccfd39c7248842af0731f3ec6b04e) Importer(815301076,1909f56bfc062723c751e8b465ee728b)  -> (artifact id: '644f2c2d3c8b34ec09a22b107b0b5b55') in 0.011547 seconds
Number of updated asset objects reloaded before import = 0
Number of asset objects unloaded after import = 2
========================================================================
Received Import Request.
  Time since last request: 4.437050 seconds.
  path: Assets/Assets/Model and Animations/Zombie Running (1).fbm/New Material.mat
  artifactKey: Guid(c1e0c4e73973a7740bcd348b6f46810c) Importer(815301076,1909f56bfc062723c751e8b465ee728b)
Start importing Assets/Assets/Model and Animations/Zombie Running (1).fbm/New Material.mat using Guid(c1e0c4e73973a7740bcd348b6f46810c) Importer(815301076,1909f56bfc062723c751e8b465ee728b)  -> (artifact id: 'b47f02f81dc252090544c18cf7220578') in 0.009317 seconds
Number of updated asset objects reloaded before import = 0
Number of asset objects unloaded after import = 1
========================================================================
Received Import Request.
  Time since last request: 7.745986 seconds.
  path: Assets/Assets/Model and Animations/Zombie Running (1).fbm/Materials
  artifactKey: Guid(6521a5d6e9e26324590d85ef3218344b) Importer(815301076,1909f56bfc062723c751e8b465ee728b)
Start importing Assets/Assets/Model and Animations/Zombie Running (1).fbm/Materials using Guid(6521a5d6e9e26324590d85ef3218344b) Importer(815301076,1909f56bfc062723c751e8b465ee728b)  -> (artifact id: '7ce444c818066ffa904c46cf8d150bb4') in 0.000400 seconds
Number of updated asset objects reloaded before import = 0
Number of asset objects unloaded after import = 0
========================================================================
Received Import Request.
  Time since last request: 0.218523 seconds.
  path: Assets/Assets/Model and Animations/Zombie Running (1).fbm/Materials/bear_diffuse.mat
  artifactKey: Guid(1bf73b79c57fcd643aeb38a028560504) Importer(815301076,1909f56bfc062723c751e8b465ee728b)
Start importing Assets/Assets/Model and Animations/Zombie Running (1).fbm/Materials/bear_diffuse.mat using Guid(1bf73b79c57fcd643aeb38a028560504) Importer(815301076,1909f56bfc062723c751e8b465ee728b)  -> (artifact id: '60e136229137c8ae6dd02761b3825f7d') in 0.011358 seconds
Number of updated asset objects reloaded before import = 0
Number of asset objects unloaded after import = 2
