Using pre-set license
Built from '2022.3/staging' branch; Version is '2022.3.4f1 (35713cd46cd7) revision 3502396'; Using compiler version '192829333'; Build Type 'Release'
OS: 'Windows 11  (10.0.22621) 64bit Education' Language: 'en' Physical Memory: 16309 MB
BatchMode: 1, IsHumanControllingUs: 0, StartBugReporterOnCrash: 0, Is64bit: 1, IsPro: 1

COMMAND LINE ARGUMENTS:
C:\Program Files\Unity\Hub\Editor\2022.3.4f1\Editor\Unity.exe
-adb2
-batchMode
-noUpm
-name
AssetImportWorker1
-projectPath
C:/Users/Student/AI Finals
-logFile
Logs/AssetImportWorker1.log
-srvPort
52744
Successfully changed project path to: C:/Users/Student/AI Finals
C:/Users/Student/AI Finals
[UnityMemory] Configuration Parameters - Can be set up in boot.config
    "memorysetup-bucket-allocator-granularity=16"
    "memorysetup-bucket-allocator-bucket-count=8"
    "memorysetup-bucket-allocator-block-size=33554432"
    "memorysetup-bucket-allocator-block-count=8"
    "memorysetup-main-allocator-block-size=16777216"
    "memorysetup-thread-allocator-block-size=16777216"
    "memorysetup-gfx-main-allocator-block-size=16777216"
    "memorysetup-gfx-thread-allocator-block-size=16777216"
    "memorysetup-cache-allocator-block-size=4194304"
    "memorysetup-typetree-allocator-block-size=2097152"
    "memorysetup-profiler-bucket-allocator-granularity=16"
    "memorysetup-profiler-bucket-allocator-bucket-count=8"
    "memorysetup-profiler-bucket-allocator-block-size=33554432"
    "memorysetup-profiler-bucket-allocator-block-count=8"
    "memorysetup-profiler-allocator-block-size=16777216"
    "memorysetup-profiler-editor-allocator-block-size=1048576"
    "memorysetup-temp-allocator-size-main=16777216"
    "memorysetup-job-temp-allocator-block-size=2097152"
    "memorysetup-job-temp-allocator-block-size-background=1048576"
    "memorysetup-job-temp-allocator-reduction-small-platforms=262144"
    "memorysetup-allocator-temp-initial-block-size-main=262144"
    "memorysetup-allocator-temp-initial-block-size-worker=262144"
    "memorysetup-temp-allocator-size-background-worker=32768"
    "memorysetup-temp-allocator-size-job-worker=262144"
    "memorysetup-temp-allocator-size-preload-manager=33554432"
    "memorysetup-temp-allocator-size-nav-mesh-worker=65536"
    "memorysetup-temp-allocator-size-audio-worker=65536"
    "memorysetup-temp-allocator-size-cloud-worker=32768"
    "memorysetup-temp-allocator-size-gi-baking-worker=262144"
    "memorysetup-temp-allocator-size-gfx=262144"
Player connection [14632] Host "[IP] 10.0.2.37 [Port] 0 [Flags] 2 [Guid] 2444423706 [EditorId] 2444423706 [Version] 1048832 [Id] WindowsEditor(7,CIIT602PC07) [Debug] 1 [PackageName] WindowsEditor [ProjectName] Editor" joined multi-casting on [225.0.0.222:54997]...

Player connection [14632] Host "[IP] 10.0.2.37 [Port] 0 [Flags] 2 [Guid] 2444423706 [EditorId] 2444423706 [Version] 1048832 [Id] WindowsEditor(7,CIIT602PC07) [Debug] 1 [PackageName] WindowsEditor [ProjectName] Editor" joined alternative multi-casting on [225.0.0.222:34997]...

Refreshing native plugins compatible for Editor in 6.21 ms, found 3 plugins.
Preloading 0 native plugins for Editor in 0.00 ms.
Initialize engine version: 2022.3.4f1 (35713cd46cd7)
[Subsystems] Discovering subsystems at path C:/Program Files/Unity/Hub/Editor/2022.3.4f1/Editor/Data/Resources/UnitySubsystems
[Subsystems] Discovering subsystems at path C:/Users/Student/AI Finals/Assets
GfxDevice: creating device client; threaded=0; jobified=0
Direct3D:
    Version:  Direct3D 11.0 [level 11.1]
    Renderer: NVIDIA GeForce RTX 3050 (ID=0x2507)
    Vendor:   NVIDIA
    VRAM:     8056 MB
    Driver:   31.0.15.3179
Initialize mono
Mono path[0] = 'C:/Program Files/Unity/Hub/Editor/2022.3.4f1/Editor/Data/Managed'
Mono path[1] = 'C:/Program Files/Unity/Hub/Editor/2022.3.4f1/Editor/Data/MonoBleedingEdge/lib/mono/unityjit-win32'
Mono config path = 'C:/Program Files/Unity/Hub/Editor/2022.3.4f1/Editor/Data/MonoBleedingEdge/etc'
Using monoOptions --debugger-agent=transport=dt_socket,embedding=1,server=y,suspend=n,address=127.0.0.1:56192
Begin MonoManager ReloadAssembly
Registering precompiled unity dll's ...
Register platform support module: C:/Program Files/Unity/Hub/Editor/2022.3.4f1/Editor/Data/PlaybackEngines/WebGLSupport/UnityEditor.WebGL.Extensions.dll
Register platform support module: C:/Program Files/Unity/Hub/Editor/2022.3.4f1/Editor/Data/PlaybackEngines/WindowsStandaloneSupport/UnityEditor.WindowsStandalone.Extensions.dll
Registered in 0.005962 seconds.
- Loaded All Assemblies, in  0.260 seconds
Native extension for WindowsStandalone target not found
Native extension for WebGL target not found
Mono: successfully reloaded assembly
- Finished resetting the current domain, in  0.187 seconds
Domain Reload Profiling: 446ms
	BeginReloadAssembly (74ms)
		ExecutionOrderSort (0ms)
		DisableScriptedObjects (0ms)
		BackupInstance (0ms)
		ReleaseScriptingObjects (0ms)
		CreateAndSetChildDomain (1ms)
	RebuildCommonClasses (26ms)
	RebuildNativeTypeToScriptingClass (8ms)
	initialDomainReloadingComplete (44ms)
	LoadAllAssembliesAndSetupDomain (107ms)
		LoadAssemblies (71ms)
		RebuildTransferFunctionScriptingTraits (0ms)
		AnalyzeDomain (103ms)
			TypeCache.Refresh (102ms)
				TypeCache.ScanAssembly (93ms)
			ScanForSourceGeneratedMonoScriptInfo (0ms)
			ResolveRequiredComponents (0ms)
	FinalizeReload (188ms)
		ReleaseScriptCaches (0ms)
		RebuildScriptCaches (0ms)
		SetupLoadedEditorAssemblies (147ms)
			LogAssemblyErrors (0ms)
			InitializePlatformSupportModulesInManaged (7ms)
			SetLoadedEditorAssemblies (4ms)
			RefreshPlugins (0ms)
			BeforeProcessingInitializeOnLoad (1ms)
			ProcessInitializeOnLoadAttributes (100ms)
			ProcessInitializeOnLoadMethodAttributes (34ms)
			AfterProcessingInitializeOnLoad (0ms)
			EditorAssembliesLoaded (0ms)
		ExecutionOrderSort2 (0ms)
		AwakeInstancesAfterBackupRestoration (0ms)
========================================================================
Worker process is ready to serve import requests
Begin MonoManager ReloadAssembly
Symbol file LoadedFromMemory doesn't match image C:\Users\Student\AI Finals\Library\PackageCache\com.unity.visualscripting@1.8.0\Editor\VisualScripting.Core\Dependencies\YamlDotNet\Unity.VisualScripting.YamlDotNet.dll
Symbol file LoadedFromMemory doesn't match image C:\Users\Student\AI Finals\Library\PackageCache\com.unity.visualscripting@1.8.0\Editor\VisualScripting.Core\Dependencies\DotNetZip\Unity.VisualScripting.IonicZip.dll
- Loaded All Assemblies, in  0.545 seconds
Refreshing native plugins compatible for Editor in 1.99 ms, found 3 plugins.
Native extension for WindowsStandalone target not found
Native extension for WebGL target not found
Mono: successfully reloaded assembly
- Finished resetting the current domain, in  0.348 seconds
Domain Reload Profiling: 892ms
	BeginReloadAssembly (108ms)
		ExecutionOrderSort (0ms)
		DisableScriptedObjects (5ms)
		BackupInstance (0ms)
		ReleaseScriptingObjects (0ms)
		CreateAndSetChildDomain (18ms)
	RebuildCommonClasses (27ms)
	RebuildNativeTypeToScriptingClass (8ms)
	initialDomainReloadingComplete (35ms)
	LoadAllAssembliesAndSetupDomain (365ms)
		LoadAssemblies (204ms)
		RebuildTransferFunctionScriptingTraits (0ms)
		AnalyzeDomain (215ms)
			TypeCache.Refresh (203ms)
				TypeCache.ScanAssembly (193ms)
			ScanForSourceGeneratedMonoScriptInfo (10ms)
			ResolveRequiredComponents (3ms)
	FinalizeReload (349ms)
		ReleaseScriptCaches (0ms)
		RebuildScriptCaches (0ms)
		SetupLoadedEditorAssemblies (246ms)
			LogAssemblyErrors (0ms)
			InitializePlatformSupportModulesInManaged (5ms)
			SetLoadedEditorAssemblies (3ms)
			RefreshPlugins (0ms)
			BeforeProcessingInitializeOnLoad (42ms)
			ProcessInitializeOnLoadAttributes (177ms)
			ProcessInitializeOnLoadMethodAttributes (14ms)
			AfterProcessingInitializeOnLoad (5ms)
			EditorAssembliesLoaded (0ms)
		ExecutionOrderSort2 (0ms)
		AwakeInstancesAfterBackupRestoration (5ms)
Launched and connected shader compiler UnityShaderCompiler.exe after 0.03 seconds
Refreshing native plugins compatible for Editor in 2.33 ms, found 3 plugins.
Preloading 0 native plugins for Editor in 0.00 ms.
Unloading 3065 Unused Serialized files (Serialized files now loaded: 0)
Unloading 31 unused Assets / (56.7 KB). Loaded Objects now: 3529.
Memory consumption went from 115.5 MB to 115.5 MB.
Total: 2.530100 ms (FindLiveObjects: 0.201400 ms CreateObjectMapping: 0.122800 ms MarkObjects: 2.110700 ms  DeleteObjects: 0.094400 ms)

AssetImportParameters requested are different than current active one (requested -> active):
  custom:container-demuxer-ogg: 62fdf1f143b41e24485cea50d1cbac27 -> 
  custom:video-codec-MediaFoundation-h265: 746d11721c4dcdbdad8f713fa42b33f4 -> 
  custom:video-decoder-ogg-theora: a1e56fd34408186e4bbccfd4996cb3dc -> 
  custom:framework-win-MediaFoundation: 216162199b28c13a410421893ffa2e32 -> 
  custom:container-demuxer-webm: 4f35f7cbe854078d1ac9338744f61a02 -> 
  custom:container-muxer-webm: aa71ff27fc2769a1b78a27578f13a17b -> 
  custom:video-decoder-webm-vp8: 9c59270c3fd7afecdb556c50c9e8de78 -> 
  custom:AudioImporter_EditorPlatform: d09bf68614088b80899f8185d706f6e7 -> 
  custom:video-encoder-webm-vp8: eb34c28f22e8b96e1ab97ce403110664 -> 
  custom:audio-decoder-ogg-vorbis: bf7c407c2cedff20999df2af8eb42d56 -> 
  custom:audio-encoder-webm-vorbis: bf7c407c2cedff20999df2af8eb42d56 -> 
========================================================================
Received Prepare
Refreshing native plugins compatible for Editor in 2.67 ms, found 3 plugins.
Preloading 0 native plugins for Editor in 0.00 ms.
Unloading 1 Unused Serialized files (Serialized files now loaded: 0)
Unloading 1 unused Assets / (3.0 KB). Loaded Objects now: 3529.
Memory consumption went from 67.4 MB to 67.4 MB.
Total: 3.046400 ms (FindLiveObjects: 0.385300 ms CreateObjectMapping: 0.109400 ms MarkObjects: 2.533600 ms  DeleteObjects: 0.017500 ms)

Prepare: number of updated asset objects reloaded= 0
AssetImportParameters requested are different than current active one (requested -> active):
  custom:container-demuxer-ogg: 62fdf1f143b41e24485cea50d1cbac27 -> 
  custom:video-codec-MediaFoundation-h265: 746d11721c4dcdbdad8f713fa42b33f4 -> 
  custom:video-decoder-ogg-theora: a1e56fd34408186e4bbccfd4996cb3dc -> 
  custom:framework-win-MediaFoundation: 216162199b28c13a410421893ffa2e32 -> 
  custom:CustomObjectIndexerAttribute: 756ad292c208cfabdd7b50bc23989ffe -> 
  custom:container-demuxer-webm: 4f35f7cbe854078d1ac9338744f61a02 -> 
  custom:container-muxer-webm: aa71ff27fc2769a1b78a27578f13a17b -> 
  custom:video-decoder-webm-vp8: 9c59270c3fd7afecdb556c50c9e8de78 -> 
  custom:AudioImporter_EditorPlatform: d09bf68614088b80899f8185d706f6e7 -> 
  custom:video-encoder-webm-vp8: eb34c28f22e8b96e1ab97ce403110664 -> 
  custom:audio-decoder-ogg-vorbis: bf7c407c2cedff20999df2af8eb42d56 -> 
  custom:audio-encoder-webm-vorbis: bf7c407c2cedff20999df2af8eb42d56 -> 
========================================================================
Received Import Request.
  Time since last request: 11792.617041 seconds.
  path: Assets/Assets
  artifactKey: Guid(f62112e441571aa4aa1f2f92e5b640c5) Importer(815301076,1909f56bfc062723c751e8b465ee728b)
Start importing Assets/Assets using Guid(f62112e441571aa4aa1f2f92e5b640c5) Importer(815301076,1909f56bfc062723c751e8b465ee728b)  -> (artifact id: 'e66f5a95bb007c4ecbe6fcf1bfbc0663') in 0.002159 seconds
Number of updated asset objects reloaded before import = 0
Number of asset objects unloaded after import = 0
========================================================================
Received Import Request.
  Time since last request: 1109.630515 seconds.
  path: Assets/Assets/Model and Animations/Great Sword Slash.fbx
  artifactKey: Guid(b4bd227a054ce454e846aa0f1cbe4765) Importer(815301076,1909f56bfc062723c751e8b465ee728b)
Start importing Assets/Assets/Model and Animations/Great Sword Slash.fbx using Guid(b4bd227a054ce454e846aa0f1cbe4765) Importer(815301076,1909f56bfc062723c751e8b465ee728b)  -> (artifact id: '3ace463f43ee35e7c4426a94d1fb1128') in 0.345502 seconds
Number of updated asset objects reloaded before import = 0
Number of asset objects unloaded after import = 144
========================================================================
Received Import Request.
  Time since last request: 0.000021 seconds.
  path: Assets/Assets/Model and Animations/Punch Combo.fbx
  artifactKey: Guid(830f69231af40f34f97cbfbaef007dbf) Importer(815301076,1909f56bfc062723c751e8b465ee728b)
Start importing Assets/Assets/Model and Animations/Punch Combo.fbx using Guid(830f69231af40f34f97cbfbaef007dbf) Importer(815301076,1909f56bfc062723c751e8b465ee728b)  -> (artifact id: '9367b16709bd2c72a94a524770e0da26') in 0.040123 seconds
Number of updated asset objects reloaded before import = 0
Number of asset objects unloaded after import = 145
========================================================================
Received Import Request.
  Time since last request: 0.000026 seconds.
  path: Assets/Assets/Model and Animations/Mutant Run (1).fbx
  artifactKey: Guid(eae4a0e68f0752f42862464a671e7f92) Importer(815301076,1909f56bfc062723c751e8b465ee728b)
Start importing Assets/Assets/Model and Animations/Mutant Run (1).fbx using Guid(eae4a0e68f0752f42862464a671e7f92) Importer(815301076,1909f56bfc062723c751e8b465ee728b)  -> (artifact id: '3544e34071a9c51a9c6ec5ddcb0bd60f') in 0.021571 seconds
Number of updated asset objects reloaded before import = 0
Number of asset objects unloaded after import = 142
========================================================================
Received Import Request.
  Time since last request: 0.000020 seconds.
  path: Assets/Assets/Model and Animations/Running.fbx
  artifactKey: Guid(7a5976206cd9b21448d1761a8d064064) Importer(815301076,1909f56bfc062723c751e8b465ee728b)
Start importing Assets/Assets/Model and Animations/Running.fbx using Guid(7a5976206cd9b21448d1761a8d064064) Importer(815301076,1909f56bfc062723c751e8b465ee728b)  -> (artifact id: '52dd9a6b4041f3d4319cb2e9756abb0a') in 0.029023 seconds
Number of updated asset objects reloaded before import = 0
Number of asset objects unloaded after import = 145
========================================================================
Received Import Request.
  Time since last request: 0.000011 seconds.
  path: Assets/Assets/Model and Animations/Mutant Run.fbx
  artifactKey: Guid(18af6aa17c4acd049badbff94b2def40) Importer(815301076,1909f56bfc062723c751e8b465ee728b)
Start importing Assets/Assets/Model and Animations/Mutant Run.fbx using Guid(18af6aa17c4acd049badbff94b2def40) Importer(815301076,1909f56bfc062723c751e8b465ee728b)  -> (artifact id: 'fa754d19dced2cb4d7b6c2bb6901dd1f') in 0.104762 seconds
Number of updated asset objects reloaded before import = 0
Number of asset objects unloaded after import = 209
========================================================================
Received Import Request.
  Time since last request: 0.000061 seconds.
  path: Assets/Assets/Model and Animations/Sword And Shield Slash.fbx
  artifactKey: Guid(573ec55002136494ab54a0e2c27000d8) Importer(815301076,1909f56bfc062723c751e8b465ee728b)
Start importing Assets/Assets/Model and Animations/Sword And Shield Slash.fbx using Guid(573ec55002136494ab54a0e2c27000d8) Importer(815301076,1909f56bfc062723c751e8b465ee728b)  -> (artifact id: 'dc27332f6e37e2005cb171c5e65bd2e7') in 0.037882 seconds
Number of updated asset objects reloaded before import = 0
Number of asset objects unloaded after import = 160
========================================================================
Received Import Request.
  Time since last request: 0.000019 seconds.
  path: Assets/Assets/Model and Animations/Zombie Running (1).fbx
  artifactKey: Guid(3d818255d96ea8848a6c370f610ecb36) Importer(815301076,1909f56bfc062723c751e8b465ee728b)
Start importing Assets/Assets/Model and Animations/Zombie Running (1).fbx using Guid(3d818255d96ea8848a6c370f610ecb36) Importer(815301076,1909f56bfc062723c751e8b465ee728b)  -> (artifact id: '68b916dbbae6a0c449679b08d9b5ad48') in 0.022015 seconds
Number of updated asset objects reloaded before import = 0
Number of asset objects unloaded after import = 172
========================================================================
Received Import Request.
  Time since last request: 0.000022 seconds.
  path: Assets/Assets/Model and Animations/Mutant Swiping (1).fbx
  artifactKey: Guid(2678fe034eca75a468133518b766530c) Importer(815301076,1909f56bfc062723c751e8b465ee728b)
Start importing Assets/Assets/Model and Animations/Mutant Swiping (1).fbx using Guid(2678fe034eca75a468133518b766530c) Importer(815301076,1909f56bfc062723c751e8b465ee728b)  -> (artifact id: '6442c94154c4fa374b98242141f728fb') in 0.023780 seconds
Number of updated asset objects reloaded before import = 0
Number of asset objects unloaded after import = 172
========================================================================
Received Import Request.
  Time since last request: 0.000025 seconds.
  path: Assets/Assets/Model and Animations/Standing Aim Recoil.fbx
  artifactKey: Guid(34f97cb014876cb43bb6adb800cbc2f5) Importer(815301076,1909f56bfc062723c751e8b465ee728b)
Start importing Assets/Assets/Model and Animations/Standing Aim Recoil.fbx using Guid(34f97cb014876cb43bb6adb800cbc2f5) Importer(815301076,1909f56bfc062723c751e8b465ee728b)  -> (artifact id: 'cfc761fc567d4d7d6f510adcae179f10') in 0.235267 seconds
Number of updated asset objects reloaded before import = 0
Number of asset objects unloaded after import = 175
========================================================================
Received Import Request.
  Time since last request: 1855.355114 seconds.
  path: Assets/Assets/Model and Animations/Great Sword Run.fbm/maria_normal.png
  artifactKey: Guid(4cf817d4b30b6b0468e623cdfa5bf761) Importer(815301076,1909f56bfc062723c751e8b465ee728b)
Start importing Assets/Assets/Model and Animations/Great Sword Run.fbm/maria_normal.png using Guid(4cf817d4b30b6b0468e623cdfa5bf761) Importer(815301076,1909f56bfc062723c751e8b465ee728b)  -> (artifact id: 'd67925405cc31e8503e3056d8d195062') in 0.099695 seconds
Number of updated asset objects reloaded before import = 0
Number of asset objects unloaded after import = 2
========================================================================
Received Import Request.
  Time since last request: 175.024910 seconds.
  path: Assets/Assets/Model and Animations/Standing Aim Recoil.fbm/Arrow_NM.jpg
  artifactKey: Guid(10bd0f235baae414eab780d15a08718f) Importer(815301076,1909f56bfc062723c751e8b465ee728b)
Start importing Assets/Assets/Model and Animations/Standing Aim Recoil.fbm/Arrow_NM.jpg using Guid(10bd0f235baae414eab780d15a08718f) Importer(815301076,1909f56bfc062723c751e8b465ee728b)  -> (artifact id: '366b8975365000107b1ff47b68872f58') in 0.012017 seconds
Number of updated asset objects reloaded before import = 0
Number of asset objects unloaded after import = 2
========================================================================
Received Import Request.
  Time since last request: 0.000018 seconds.
  path: Assets/Assets/Model and Animations/Standing Aim Recoil.fbm/Erika_Archer_Clothes_diffuse.png
  artifactKey: Guid(e0a0303caff162140be6ae3c8238d926) Importer(815301076,1909f56bfc062723c751e8b465ee728b)
Start importing Assets/Assets/Model and Animations/Standing Aim Recoil.fbm/Erika_Archer_Clothes_diffuse.png using Guid(e0a0303caff162140be6ae3c8238d926) Importer(815301076,1909f56bfc062723c751e8b465ee728b)  -> (artifact id: 'a50e00ea8a48065ce1ee325eeff339f8') in 0.011573 seconds
Number of updated asset objects reloaded before import = 0
Number of asset objects unloaded after import = 2
========================================================================
Received Import Request.
  Time since last request: 0.000020 seconds.
  path: Assets/Assets/Model and Animations/Standing Aim Recoil.fbm/Bow_DIFF.jpg
  artifactKey: Guid(430ee1d1048428842b2a6677dc75cc86) Importer(815301076,1909f56bfc062723c751e8b465ee728b)
Start importing Assets/Assets/Model and Animations/Standing Aim Recoil.fbm/Bow_DIFF.jpg using Guid(430ee1d1048428842b2a6677dc75cc86) Importer(815301076,1909f56bfc062723c751e8b465ee728b)  -> (artifact id: '14d566ac31379d2ed0b1af993f768465') in 0.012461 seconds
Number of updated asset objects reloaded before import = 0
Number of asset objects unloaded after import = 2
========================================================================
Received Import Request.
  Time since last request: 0.000029 seconds.
  path: Assets/Assets/Model and Animations/Standing Aim Recoil.fbm/Erika_Archer_Clothes_normal.png
  artifactKey: Guid(ef43a37970e4a8440bc7132cd5fb6a7a) Importer(815301076,1909f56bfc062723c751e8b465ee728b)
Start importing Assets/Assets/Model and Animations/Standing Aim Recoil.fbm/Erika_Archer_Clothes_normal.png using Guid(ef43a37970e4a8440bc7132cd5fb6a7a) Importer(815301076,1909f56bfc062723c751e8b465ee728b)  -> (artifact id: '55d9f793a6580cc2912d7b5b9805b637') in 0.011973 seconds
Number of updated asset objects reloaded before import = 0
Number of asset objects unloaded after import = 2
Editor requested this worker to shutdown with reason: Scaling down because of idle timeout
TcpMessagingSession - receive error: operation aborted. errorcode: 995, details: The I/O operation has been aborted because of either a thread exit or an application request.
AssetImportWorker is now disconnected from the server
Process exiting
Exiting without the bug reporter. Application will terminate with return code 0